<?xml version="1.0" encoding="UTF-8"?>
<!-- Generated by org.testng.reporters.JUnitXMLReporter -->
<testsuite ignored="0" hostname="DESKTOP-LQ36VU4" failures="1" tests="1" name="Test" time="4.937" errors="0" timestamp="2024-02-16T15:32:44 IST">
  <testcase classname="com.practice.Parameter" name="seleniumMethod" time="4.875">
    <failure type="java.lang.AssertionError" message="The following asserts failed:
	expected [What you do with that power is entirely up ] but found [What you do with that power is entirely up to you.]">
      <![CDATA[java.lang.AssertionError: The following asserts failed:
expected [What you do with that power is entirely up ] but found [What you do with that power is entirely up to you.]
at com.practice.Parameter.seleniumMethod(Parameter.java:30)
at java.base/java.util.ArrayList.forEach(ArrayList.java:1596)
... Removed 27 stack frames]]>
    </failure>
  </testcase> <!-- seleniumMethod -->
</testsuite> <!-- Test -->
